<?xml version="1.0" encoding="UTF-8"?>
<!-- Generated by org.testng.reporters.JUnitReportReporter -->
<testsuite hostname="DESKTOP-9HIBJVC" failures="0" tests="3" name="testNg_Concept.Enabled_ignore_concept" time="8.903" errors="0" timestamp="2022-04-06T15:54:45 IST" skipped="1">
  <testcase classname="testNg_Concept.Enabled_ignore_concept" name="validateGmaillinkTest" time="5.967"/>
  <system-out/>
  <testcase classname="testNg_Concept.Enabled_ignore_concept" name="validateflipcartlinkTest" time="2.936"/>
  <system-out/>
  <testcase classname="testNg_Concept.Enabled_ignore_concept" name="validateimageSearchTest">
    <skipped/>
  </testcase> <!-- validateimageSearchTest -->
  <system-out/>
</testsuite> <!-- testNg_Concept.Enabled_ignore_concept -->
