<?xml version="1.0" encoding="UTF-8"?>
<!-- Generated by org.testng.reporters.JUnitReportReporter -->
<testsuite hostname="DESKTOP-9HIBJVC" failures="0" tests="3" name="testNg_Concept.GroupsConcept" time="11.645" errors="0" timestamp="2022-04-09T09:34:41 IST" skipped="0">
  <testcase classname="testNg_Concept.GroupsConcept" name="validateGoogleSearchTest" time="5.993"/>
  <system-out/>
  <testcase classname="testNg_Concept.GroupsConcept" name="validateGmaillinkTest" time="2.171"/>
  <system-out/>
  <testcase classname="testNg_Concept.GroupsConcept" name="validateLoginTest" time="3.481"/>
  <system-out/>
</testsuite> <!-- testNg_Concept.GroupsConcept -->
