<?xml version="1.0" encoding="UTF-8"?>
<!-- Generated by org.testng.reporters.JUnitReportReporter -->
<testsuite hostname="DESKTOP-9HIBJVC" failures="0" tests="2" name="testNg_Concept.Annotations" time="0.029" errors="0" timestamp="2022-04-06T16:36:39 IST" skipped="0">
  <testcase classname="testNg_Concept.Annotations" name="FacebookTest" time="0.010"/>
  <system-out/>
  <testcase classname="testNg_Concept.Annotations" name="AmezonTest" time="0.019"/>
  <system-out/>
</testsuite> <!-- testNg_Concept.Annotations -->
