<?xml version="1.0" encoding="UTF-8"?>
<!-- Generated by org.testng.reporters.JUnitReportReporter -->
<testsuite hostname="DESKTOP-9HIBJVC" failures="0" tests="6" name="testNg_Concept.InnovationCount_Concept" time="13.447" errors="0" timestamp="2022-04-06T16:15:36 IST" skipped="0">
  <testcase classname="testNg_Concept.InnovationCount_Concept" name="validateGoogleSearchTest" time="1.921"/>
  <system-out/>
  <testcase classname="testNg_Concept.InnovationCount_Concept" name="validateGmaillinkTest" time="1.923"/>
  <system-out/>
  <testcase classname="testNg_Concept.InnovationCount_Concept" name="validateimageSearchTest" time="1.805"/>
  <system-out/>
  <testcase classname="testNg_Concept.InnovationCount_Concept" name="validateimageSearchTest" time="1.944"/>
  <system-out/>
  <testcase classname="testNg_Concept.InnovationCount_Concept" name="validateimageSearchTest" time="1.976"/>
  <system-out/>
  <testcase classname="testNg_Concept.InnovationCount_Concept" name="validateflipcartlinkTest" time="3.878"/>
  <system-out/>
</testsuite> <!-- testNg_Concept.InnovationCount_Concept -->
