<?xml version="1.0" encoding="UTF-8"?>
<!-- Generated by org.testng.reporters.JUnitReportReporter -->
<testsuite hostname="DESKTOP-9HIBJVC" failures="0" tests="3" name="testNg_Concept.ParametersConcepts" time="51.280" errors="0" timestamp="2022-04-07T13:57:38 IST" skipped="0">
  <testcase classname="testNg_Concept.ParametersConcepts" name="validateloginTest" time="23.869"/>
  <system-out/>
  <testcase classname="testNg_Concept.ParametersConcepts" name="pimTest" time="13.887"/>
  <system-out/>
  <testcase classname="testNg_Concept.ParametersConcepts" name="dashboardTest" time="13.524"/>
  <system-out/>
</testsuite> <!-- testNg_Concept.ParametersConcepts -->
