<?xml version="1.0" encoding="UTF-8"?>
<!-- Generated by org.testng.reporters.JUnitReportReporter -->
<testsuite hostname="DESKTOP-9HIBJVC" failures="0" tests="4" name="testNg_Concept.PriorityConcept" time="21.742" errors="0" timestamp="2022-04-09T07:50:59 IST" skipped="0">
  <testcase classname="testNg_Concept.PriorityConcept" name="validateGoogleSearchTest" time="4.720"/>
  <system-out/>
  <testcase classname="testNg_Concept.PriorityConcept" name="validateGmaillinkTest" time="2.819"/>
  <system-out/>
  <testcase classname="testNg_Concept.PriorityConcept" name="validateimageSearchTest" time="4.237"/>
  <system-out/>
  <testcase classname="testNg_Concept.PriorityConcept" name="validateLoginTest" time="9.966"/>
  <system-out/>
</testsuite> <!-- testNg_Concept.PriorityConcept -->
