<?xml version="1.0" encoding="UTF-8"?>
<!-- Generated by org.testng.reporters.JUnitReportReporter -->
<testsuite hostname="DESKTOP-9HIBJVC" failures="0" tests="2" name="testNg_Concept.Annotations_02" time="0.020" errors="0" timestamp="2022-04-06T14:48:53 IST" skipped="0">
  <testcase classname="testNg_Concept.Annotations_02" name="facebookTest" time="0.004"/>
  <system-out/>
  <testcase classname="testNg_Concept.Annotations_02" name="FlipcartTest" time="0.016"/>
  <system-out/>
</testsuite> <!-- testNg_Concept.Annotations_02 -->
