<?xml version="1.0" encoding="UTF-8"?>
<!-- Generated by org.testng.reporters.JUnitReportReporter -->
<testsuite hostname="DESKTOP-9HIBJVC" failures="0" tests="2" name="testNg_Concept.ParallelExecution_Concept" time="27.545" errors="0" timestamp="2022-04-09T11:38:56 IST" skipped="0">
  <testcase classname="testNg_Concept.ParallelExecution_Concept" name="googleSeachTest" time="18.039"/>
  <system-out/>
  <testcase classname="testNg_Concept.ParallelExecution_Concept" name="bingSearchTest" time="9.506"/>
  <system-out/>
</testsuite> <!-- testNg_Concept.ParallelExecution_Concept -->
