<?xml version="1.0" encoding="UTF-8"?>
<!-- Generated by org.testng.reporters.JUnitReportReporter -->
<testsuite hostname="DESKTOP-9HIBJVC" failures="0" tests="3" name="testNg_Concept.Priority_02" time="7.288" errors="0" timestamp="2022-04-06T15:45:54 IST" skipped="0">
  <testcase classname="testNg_Concept.Priority_02" name="validateimageSearchTest" time="1.727"/>
  <system-out/>
  <testcase classname="testNg_Concept.Priority_02" name="validateGmaillinkTest" time="3.757"/>
  <system-out/>
  <testcase classname="testNg_Concept.Priority_02" name="validateGoogleSearchTest" time="1.804"/>
  <system-out/>
</testsuite> <!-- testNg_Concept.Priority_02 -->
